2019-10-14T16:17:03+00:00 CRITICAL Uncaught Error: Call to undefined function categorias_section() in /var/www/html/wp-content/themes/museutheme/header.php:53
Stack trace:
#0 /var/www/html/wp-includes/template.php(704): require_once()
#1 /var/www/html/wp-includes/template.php(653): load_template('/var/www/html/w...', true)
#2 /var/www/html/wp-includes/general-template.php(41): locate_template(Array, true)
#3 /var/www/html/wp-content/themes/museutheme/front-page.php(6): get_header()
#4 /var/www/html/wp-includes/template-loader.php(77): include('/var/www/html/w...')
#5 /var/www/html/wp-blog-header.php(19): require_once('/var/www/html/w...')
#6 /var/www/html/index.php(17): require('/var/www/html/w...')
#7 {main}
  thrown in /var/www/html/wp-content/themes/museutheme/header.php on line 53

2019-10-14T16:18:55+00:00 CRITICAL Uncaught Error: Call to undefined function get_field() in /var/www/html/wp-content/themes/museutheme/archive.php:38
Stack trace:
#0 /var/www/html/wp-includes/template-loader.php(77): include()
#1 /var/www/html/wp-blog-header.php(19): require_once('/var/www/html/w...')
#2 /var/www/html/index.php(17): require('/var/www/html/w...')
#3 {main}
  thrown in /var/www/html/wp-content/themes/museutheme/archive.php on line 38

2019-10-14T17:19:25+00:00 CRITICAL Uncaught Error: Call to undefined function get_field() in /var/www/html/wp-content/themes/museutheme/archive.php:38
Stack trace:
#0 /var/www/html/wp-includes/template-loader.php(77): include()
#1 /var/www/html/wp-blog-header.php(19): require_once('/var/www/html/w...')
#2 /var/www/html/index.php(17): require('/var/www/html/w...')
#3 {main}
  thrown in /var/www/html/wp-content/themes/museutheme/archive.php on line 38

2019-10-14T17:19:51+00:00 CRITICAL Uncaught Error: Call to undefined function get_field() in /var/www/html/wp-content/themes/museutheme/archive.php:38
Stack trace:
#0 /var/www/html/wp-includes/template-loader.php(77): include()
#1 /var/www/html/wp-blog-header.php(19): require_once('/var/www/html/w...')
#2 /var/www/html/index.php(17): require('/var/www/html/w...')
#3 {main}
  thrown in /var/www/html/wp-content/themes/museutheme/archive.php on line 38

2019-10-14T17:20:01+00:00 CRITICAL Uncaught Error: Call to undefined function get_field() in /var/www/html/wp-content/themes/museutheme/archive.php:38
Stack trace:
#0 /var/www/html/wp-includes/template-loader.php(77): include()
#1 /var/www/html/wp-blog-header.php(19): require_once('/var/www/html/w...')
#2 /var/www/html/index.php(17): require('/var/www/html/w...')
#3 {main}
  thrown in /var/www/html/wp-content/themes/museutheme/archive.php on line 38

2019-10-14T17:24:30+00:00 CRITICAL Uncaught Error: Call to undefined function get_field() in /var/www/html/wp-content/themes/museutheme/archive.php:38
Stack trace:
#0 /var/www/html/wp-includes/template-loader.php(77): include()
#1 /var/www/html/wp-blog-header.php(19): require_once('/var/www/html/w...')
#2 /var/www/html/index.php(17): require('/var/www/html/w...')
#3 {main}
  thrown in /var/www/html/wp-content/themes/museutheme/archive.php on line 38

2019-10-14T17:24:44+00:00 CRITICAL Uncaught Error: Call to undefined function get_field() in /var/www/html/wp-content/themes/museutheme/archive.php:38
Stack trace:
#0 /var/www/html/wp-includes/template-loader.php(77): include()
#1 /var/www/html/wp-blog-header.php(19): require_once('/var/www/html/w...')
#2 /var/www/html/index.php(17): require('/var/www/html/w...')
#3 {main}
  thrown in /var/www/html/wp-content/themes/museutheme/archive.php on line 38

2019-10-14T17:26:14+00:00 CRITICAL Uncaught Error: Call to undefined function kb_sections() in /var/www/html/wp-content/themes/museutheme/sidebar-categoria.php:8
Stack trace:
#0 /var/www/html/wp-includes/template.php(704): require_once()
#1 /var/www/html/wp-includes/template.php(653): load_template('/var/www/html/w...', true)
#2 /var/www/html/wp-includes/general-template.php(111): locate_template(Array, true)
#3 /var/www/html/wp-content/themes/museutheme/single-object.php(70): get_sidebar('categoria')
#4 /var/www/html/wp-includes/template-loader.php(77): include('/var/www/html/w...')
#5 /var/www/html/wp-blog-header.php(19): require_once('/var/www/html/w...')
#6 /var/www/html/index.php(17): require('/var/www/html/w...')
#7 {main}
  thrown in /var/www/html/wp-content/themes/museutheme/sidebar-categoria.php on line 8

2019-10-14T17:26:18+00:00 CRITICAL Uncaught Error: Call to undefined function kb_sections() in /var/www/html/wp-content/themes/museutheme/sidebar-categoria.php:8
Stack trace:
#0 /var/www/html/wp-includes/template.php(704): require_once()
#1 /var/www/html/wp-includes/template.php(653): load_template('/var/www/html/w...', true)
#2 /var/www/html/wp-includes/general-template.php(111): locate_template(Array, true)
#3 /var/www/html/wp-content/themes/museutheme/single-object.php(70): get_sidebar('categoria')
#4 /var/www/html/wp-includes/template-loader.php(77): include('/var/www/html/w...')
#5 /var/www/html/wp-blog-header.php(19): require_once('/var/www/html/w...')
#6 /var/www/html/index.php(17): require('/var/www/html/w...')
#7 {main}
  thrown in /var/www/html/wp-content/themes/museutheme/sidebar-categoria.php on line 8

