2019-10-11T12:52:36+00:00 CRITICAL syntax error, unexpected '"np"' (T_CONSTANT_ENCAPSED_STRING), expecting ',' or ';' in /var/www/html/wp-content/themes/museutheme/functions.php on line 987

2019-10-11T12:52:52+00:00 CRITICAL syntax error, unexpected ''np'' (T_CONSTANT_ENCAPSED_STRING), expecting ',' or ';' in /var/www/html/wp-content/themes/museutheme/functions.php on line 987

2019-10-11T12:53:55+00:00 CRITICAL syntax error, unexpected 'echo' (T_ECHO) in /var/www/html/wp-content/themes/museutheme/functions.php on line 988

2019-10-11T13:07:10+00:00 CRITICAL Uncaught ArgumentCountError: Too few arguments to function categorias_section(), 0 passed in /var/www/html/wp-content/themes/museutheme/front-page.php on line 16 and exactly 2 expected in /var/www/html/wp-content/themes/museutheme/functions.php:967
Stack trace:
#0 /var/www/html/wp-content/themes/museutheme/front-page.php(16): categorias_section()
#1 /var/www/html/wp-includes/template-loader.php(77): include('/var/www/html/w...')
#2 /var/www/html/wp-blog-header.php(19): require_once('/var/www/html/w...')
#3 /var/www/html/index.php(17): require('/var/www/html/w...')
#4 {main}
  thrown in /var/www/html/wp-content/themes/museutheme/functions.php on line 967

2019-10-11T13:15:39+00:00 CRITICAL Uncaught Error: Call to undefined function get_field() in /var/www/html/wp-content/themes/museutheme/archive.php:38
Stack trace:
#0 /var/www/html/wp-includes/template-loader.php(77): include()
#1 /var/www/html/wp-blog-header.php(19): require_once('/var/www/html/w...')
#2 /var/www/html/index.php(17): require('/var/www/html/w...')
#3 {main}
  thrown in /var/www/html/wp-content/themes/museutheme/archive.php on line 38

2019-10-11T13:22:44+00:00 CRITICAL Uncaught Error: Call to undefined function get_field() in /var/www/html/wp-content/themes/museutheme/archive.php:38
Stack trace:
#0 /var/www/html/wp-includes/template-loader.php(77): include()
#1 /var/www/html/wp-blog-header.php(19): require_once('/var/www/html/w...')
#2 /var/www/html/index.php(17): require('/var/www/html/w...')
#3 {main}
  thrown in /var/www/html/wp-content/themes/museutheme/archive.php on line 38

2019-10-11T13:22:46+00:00 CRITICAL Uncaught Error: Call to undefined function get_field() in /var/www/html/wp-content/themes/museutheme/archive.php:38
Stack trace:
#0 /var/www/html/wp-includes/template-loader.php(77): include()
#1 /var/www/html/wp-blog-header.php(19): require_once('/var/www/html/w...')
#2 /var/www/html/index.php(17): require('/var/www/html/w...')
#3 {main}
  thrown in /var/www/html/wp-content/themes/museutheme/archive.php on line 38

2019-10-11T13:36:32+00:00 CRITICAL Uncaught Error: Call to undefined function get_field() in /var/www/html/wp-content/themes/museutheme/archive.php:38
Stack trace:
#0 /var/www/html/wp-includes/template-loader.php(77): include()
#1 /var/www/html/wp-blog-header.php(19): require_once('/var/www/html/w...')
#2 /var/www/html/index.php(17): require('/var/www/html/w...')
#3 {main}
  thrown in /var/www/html/wp-content/themes/museutheme/archive.php on line 38

2019-10-11T13:40:30+00:00 CRITICAL Uncaught Error: Call to undefined function get_field() in /var/www/html/wp-content/themes/museutheme/archive.php:38
Stack trace:
#0 /var/www/html/wp-includes/template-loader.php(77): include()
#1 /var/www/html/wp-blog-header.php(19): require_once('/var/www/html/w...')
#2 /var/www/html/index.php(17): require('/var/www/html/w...')
#3 {main}
  thrown in /var/www/html/wp-content/themes/museutheme/archive.php on line 38

2019-10-11T17:58:18+00:00 CRITICAL Uncaught Error: Call to undefined function get_field() in /var/www/html/wp-content/themes/museutheme/archive.php:38
Stack trace:
#0 /var/www/html/wp-includes/template-loader.php(77): include()
#1 /var/www/html/wp-blog-header.php(19): require_once('/var/www/html/w...')
#2 /var/www/html/index.php(17): require('/var/www/html/w...')
#3 {main}
  thrown in /var/www/html/wp-content/themes/museutheme/archive.php on line 38

