2019-11-18T20:13:50+00:00 CRITICAL syntax error, unexpected 'add_action' (T_STRING) in /var/www/html/wp-content/themes/museu-theme/functions.php on line 29

2019-11-18T20:14:44+00:00 CRITICAL syntax error, unexpected 'add_action' (T_STRING) in /var/www/html/wp-content/themes/museu-theme/functions.php on line 29

2019-11-18T20:16:27+00:00 CRITICAL syntax error, unexpected 'add_action' (T_STRING) in /var/www/html/wp-content/themes/museu-theme/functions.php on line 29

2019-11-18T20:16:34+00:00 CRITICAL syntax error, unexpected 'add_action' (T_STRING) in /var/www/html/wp-content/themes/museu-theme/functions.php on line 29

2019-11-18T20:17:55+00:00 CRITICAL syntax error, unexpected 'add_action' (T_STRING) in /var/www/html/wp-content/themes/museu-theme/functions.php on line 29

2019-11-18T20:19:04+00:00 CRITICAL syntax error, unexpected 'add_action' (T_STRING) in /var/www/html/wp-content/themes/museu-theme/functions.php on line 29

2019-11-18T20:22:03+00:00 CRITICAL syntax error, unexpected 'add_action' (T_STRING) in /var/www/html/wp-content/themes/museu-theme/functions.php on line 29

2019-11-18T21:21:08+00:00 CRITICAL Uncaught Error: Call to undefined function categorias_navsection() in /var/www/html/wp-content/themes/museu-theme/header.php:51
Stack trace:
#0 /var/www/html/wp-includes/template.php(704): require_once()
#1 /var/www/html/wp-includes/template.php(653): load_template('/var/www/html/w...', true)
#2 /var/www/html/wp-includes/general-template.php(41): locate_template(Array, true)
#3 /var/www/html/wp-content/themes/museu-theme/index.php(1): get_header()
#4 /var/www/html/wp-includes/template-loader.php(77): include('/var/www/html/w...')
#5 /var/www/html/wp-blog-header.php(19): require_once('/var/www/html/w...')
#6 /var/www/html/index.php(17): require('/var/www/html/w...')
#7 {main}
  thrown in /var/www/html/wp-content/themes/museu-theme/header.php on line 51

2019-11-18T21:21:08+00:00 CRITICAL Uncaught Error: Call to undefined function categorias_navsection() in /var/www/html/wp-content/themes/museu-theme/header.php:51
Stack trace:
#0 /var/www/html/wp-includes/template.php(704): require_once()
#1 /var/www/html/wp-includes/template.php(653): load_template('/var/www/html/w...', true)
#2 /var/www/html/wp-includes/general-template.php(41): locate_template(Array, true)
#3 /var/www/html/wp-content/themes/museu-theme/index.php(1): get_header()
#4 /var/www/html/wp-includes/template-loader.php(77): include('/var/www/html/w...')
#5 /var/www/html/wp-blog-header.php(19): require_once('/var/www/html/w...')
#6 /var/www/html/index.php(17): require('/var/www/html/w...')
#7 {main}
  thrown in /var/www/html/wp-content/themes/museu-theme/header.php on line 51

2019-11-18T21:21:09+00:00 CRITICAL Uncaught Error: Call to undefined function categorias_navsection() in /var/www/html/wp-content/themes/museu-theme/header.php:51
Stack trace:
#0 /var/www/html/wp-includes/template.php(704): require_once()
#1 /var/www/html/wp-includes/template.php(653): load_template('/var/www/html/w...', true)
#2 /var/www/html/wp-includes/general-template.php(41): locate_template(Array, true)
#3 /var/www/html/wp-content/themes/museu-theme/index.php(1): get_header()
#4 /var/www/html/wp-includes/template-loader.php(77): include('/var/www/html/w...')
#5 /var/www/html/wp-blog-header.php(19): require_once('/var/www/html/w...')
#6 /var/www/html/index.php(17): require('/var/www/html/w...')
#7 {main}
  thrown in /var/www/html/wp-content/themes/museu-theme/header.php on line 51

2019-11-18T21:21:09+00:00 CRITICAL Uncaught Error: Call to undefined function categorias_navsection() in /var/www/html/wp-content/themes/museu-theme/header.php:51
Stack trace:
#0 /var/www/html/wp-includes/template.php(704): require_once()
#1 /var/www/html/wp-includes/template.php(653): load_template('/var/www/html/w...', true)
#2 /var/www/html/wp-includes/general-template.php(41): locate_template(Array, true)
#3 /var/www/html/wp-content/themes/museu-theme/index.php(1): get_header()
#4 /var/www/html/wp-includes/template-loader.php(77): include('/var/www/html/w...')
#5 /var/www/html/wp-blog-header.php(19): require_once('/var/www/html/w...')
#6 /var/www/html/index.php(17): require('/var/www/html/w...')
#7 {main}
  thrown in /var/www/html/wp-content/themes/museu-theme/header.php on line 51

2019-11-18T21:21:17+00:00 CRITICAL Uncaught Error: Call to undefined function categorias_navsection() in /var/www/html/wp-content/themes/museu-theme/header.php:51
Stack trace:
#0 /var/www/html/wp-includes/template.php(704): require_once()
#1 /var/www/html/wp-includes/template.php(653): load_template('/var/www/html/w...', true)
#2 /var/www/html/wp-includes/general-template.php(41): locate_template(Array, true)
#3 /var/www/html/wp-content/themes/museu-theme/index.php(1): get_header()
#4 /var/www/html/wp-includes/template-loader.php(77): include('/var/www/html/w...')
#5 /var/www/html/wp-blog-header.php(19): require_once('/var/www/html/w...')
#6 /var/www/html/index.php(17): require('/var/www/html/w...')
#7 {main}
  thrown in /var/www/html/wp-content/themes/museu-theme/header.php on line 51

2019-11-18T21:21:17+00:00 CRITICAL Uncaught Error: Call to undefined function categorias_navsection() in /var/www/html/wp-content/themes/museu-theme/header.php:51
Stack trace:
#0 /var/www/html/wp-includes/template.php(704): require_once()
#1 /var/www/html/wp-includes/template.php(653): load_template('/var/www/html/w...', true)
#2 /var/www/html/wp-includes/general-template.php(41): locate_template(Array, true)
#3 /var/www/html/wp-content/themes/museu-theme/index.php(1): get_header()
#4 /var/www/html/wp-includes/template-loader.php(77): include('/var/www/html/w...')
#5 /var/www/html/wp-blog-header.php(19): require_once('/var/www/html/w...')
#6 /var/www/html/index.php(17): require('/var/www/html/w...')
#7 {main}
  thrown in /var/www/html/wp-content/themes/museu-theme/header.php on line 51

2019-11-18T21:21:17+00:00 CRITICAL Uncaught Error: Call to undefined function categorias_navsection() in /var/www/html/wp-content/themes/museu-theme/header.php:51
Stack trace:
#0 /var/www/html/wp-includes/template.php(704): require_once()
#1 /var/www/html/wp-includes/template.php(653): load_template('/var/www/html/w...', true)
#2 /var/www/html/wp-includes/general-template.php(41): locate_template(Array, true)
#3 /var/www/html/wp-content/themes/museu-theme/index.php(1): get_header()
#4 /var/www/html/wp-includes/template-loader.php(77): include('/var/www/html/w...')
#5 /var/www/html/wp-blog-header.php(19): require_once('/var/www/html/w...')
#6 /var/www/html/index.php(17): require('/var/www/html/w...')
#7 {main}
  thrown in /var/www/html/wp-content/themes/museu-theme/header.php on line 51

2019-11-18T21:21:17+00:00 CRITICAL Uncaught Error: Call to undefined function categorias_navsection() in /var/www/html/wp-content/themes/museu-theme/header.php:51
Stack trace:
#0 /var/www/html/wp-includes/template.php(704): require_once()
#1 /var/www/html/wp-includes/template.php(653): load_template('/var/www/html/w...', true)
#2 /var/www/html/wp-includes/general-template.php(41): locate_template(Array, true)
#3 /var/www/html/wp-content/themes/museu-theme/index.php(1): get_header()
#4 /var/www/html/wp-includes/template-loader.php(77): include('/var/www/html/w...')
#5 /var/www/html/wp-blog-header.php(19): require_once('/var/www/html/w...')
#6 /var/www/html/index.php(17): require('/var/www/html/w...')
#7 {main}
  thrown in /var/www/html/wp-content/themes/museu-theme/header.php on line 51

2019-11-18T21:21:18+00:00 CRITICAL Uncaught Error: Call to undefined function categorias_navsection() in /var/www/html/wp-content/themes/museu-theme/header.php:51
Stack trace:
#0 /var/www/html/wp-includes/template.php(704): require_once()
#1 /var/www/html/wp-includes/template.php(653): load_template('/var/www/html/w...', true)
#2 /var/www/html/wp-includes/general-template.php(41): locate_template(Array, true)
#3 /var/www/html/wp-content/themes/museu-theme/index.php(1): get_header()
#4 /var/www/html/wp-includes/template-loader.php(77): include('/var/www/html/w...')
#5 /var/www/html/wp-blog-header.php(19): require_once('/var/www/html/w...')
#6 /var/www/html/index.php(17): require('/var/www/html/w...')
#7 {main}
  thrown in /var/www/html/wp-content/themes/museu-theme/header.php on line 51

2019-11-18T21:23:58+00:00 CRITICAL Uncaught Error: Call to undefined function categorias_navsection() in /var/www/html/wp-content/themes/museu-theme/header.php:51
Stack trace:
#0 /var/www/html/wp-includes/template.php(704): require_once()
#1 /var/www/html/wp-includes/template.php(653): load_template('/var/www/html/w...', true)
#2 /var/www/html/wp-includes/general-template.php(41): locate_template(Array, true)
#3 /var/www/html/wp-content/themes/museu-theme/index.php(1): get_header()
#4 /var/www/html/wp-includes/template-loader.php(77): include('/var/www/html/w...')
#5 /var/www/html/wp-blog-header.php(19): require_once('/var/www/html/w...')
#6 /var/www/html/index.php(17): require('/var/www/html/w...')
#7 {main}
  thrown in /var/www/html/wp-content/themes/museu-theme/header.php on line 51

2019-11-18T21:23:58+00:00 CRITICAL Uncaught Error: Call to undefined function categorias_navsection() in /var/www/html/wp-content/themes/museu-theme/header.php:51
Stack trace:
#0 /var/www/html/wp-includes/template.php(704): require_once()
#1 /var/www/html/wp-includes/template.php(653): load_template('/var/www/html/w...', true)
#2 /var/www/html/wp-includes/general-template.php(41): locate_template(Array, true)
#3 /var/www/html/wp-content/themes/museu-theme/index.php(1): get_header()
#4 /var/www/html/wp-includes/template-loader.php(77): include('/var/www/html/w...')
#5 /var/www/html/wp-blog-header.php(19): require_once('/var/www/html/w...')
#6 /var/www/html/index.php(17): require('/var/www/html/w...')
#7 {main}
  thrown in /var/www/html/wp-content/themes/museu-theme/header.php on line 51

2019-11-18T21:23:58+00:00 CRITICAL Uncaught Error: Call to undefined function categorias_navsection() in /var/www/html/wp-content/themes/museu-theme/header.php:51
Stack trace:
#0 /var/www/html/wp-includes/template.php(704): require_once()
#1 /var/www/html/wp-includes/template.php(653): load_template('/var/www/html/w...', true)
#2 /var/www/html/wp-includes/general-template.php(41): locate_template(Array, true)
#3 /var/www/html/wp-content/themes/museu-theme/index.php(1): get_header()
#4 /var/www/html/wp-includes/template-loader.php(77): include('/var/www/html/w...')
#5 /var/www/html/wp-blog-header.php(19): require_once('/var/www/html/w...')
#6 /var/www/html/index.php(17): require('/var/www/html/w...')
#7 {main}
  thrown in /var/www/html/wp-content/themes/museu-theme/header.php on line 51

2019-11-18T21:23:58+00:00 CRITICAL Uncaught Error: Call to undefined function categorias_navsection() in /var/www/html/wp-content/themes/museu-theme/header.php:51
Stack trace:
#0 /var/www/html/wp-includes/template.php(704): require_once()
#1 /var/www/html/wp-includes/template.php(653): load_template('/var/www/html/w...', true)
#2 /var/www/html/wp-includes/general-template.php(41): locate_template(Array, true)
#3 /var/www/html/wp-content/themes/museu-theme/index.php(1): get_header()
#4 /var/www/html/wp-includes/template-loader.php(77): include('/var/www/html/w...')
#5 /var/www/html/wp-blog-header.php(19): require_once('/var/www/html/w...')
#6 /var/www/html/index.php(17): require('/var/www/html/w...')
#7 {main}
  thrown in /var/www/html/wp-content/themes/museu-theme/header.php on line 51

2019-11-18T21:24:22+00:00 CRITICAL syntax error, unexpected 'add_action' (T_STRING) in /var/www/html/wp-content/themes/museu-theme/functions.php on line 29

2019-11-18T21:26:01+00:00 CRITICAL syntax error, unexpected 'add_action' (T_STRING) in /var/www/html/wp-content/themes/museu-theme/functions.php on line 29

2019-11-18T21:26:04+00:00 CRITICAL syntax error, unexpected 'add_action' (T_STRING) in /var/www/html/wp-content/themes/museu-theme/functions.php on line 29

2019-11-18T21:26:28+00:00 CRITICAL syntax error, unexpected 'add_action' (T_STRING) in /var/www/html/wp-content/themes/museu-theme/functions.php on line 29

2019-11-18T21:26:30+00:00 CRITICAL syntax error, unexpected 'add_action' (T_STRING) in /var/www/html/wp-content/themes/museu-theme/functions.php on line 29

2019-11-18T21:26:50+00:00 CRITICAL syntax error, unexpected 'add_action' (T_STRING) in /var/www/html/wp-content/themes/museu-theme/functions.php on line 29

2019-11-18T21:30:39+00:00 CRITICAL Uncaught Error: Call to undefined function get_field() in /var/www/html/wp-content/themes/museutheme/archive.php:38
Stack trace:
#0 /var/www/html/wp-includes/template-loader.php(77): include()
#1 /var/www/html/wp-blog-header.php(19): require_once('/var/www/html/w...')
#2 /var/www/html/index.php(17): require('/var/www/html/w...')
#3 {main}
  thrown in /var/www/html/wp-content/themes/museutheme/archive.php on line 38

2019-11-18T21:30:49+00:00 CRITICAL Uncaught Error: Call to undefined function kb_sections() in /var/www/html/wp-content/themes/museutheme/sidebar-categoria.php:8
Stack trace:
#0 /var/www/html/wp-includes/template.php(704): require_once()
#1 /var/www/html/wp-includes/template.php(653): load_template('/var/www/html/w...', true)
#2 /var/www/html/wp-includes/general-template.php(111): locate_template(Array, true)
#3 /var/www/html/wp-content/themes/museutheme/single-object.php(70): get_sidebar('categoria')
#4 /var/www/html/wp-includes/template-loader.php(77): include('/var/www/html/w...')
#5 /var/www/html/wp-blog-header.php(19): require_once('/var/www/html/w...')
#6 /var/www/html/index.php(17): require('/var/www/html/w...')
#7 {main}
  thrown in /var/www/html/wp-content/themes/museutheme/sidebar-categoria.php on line 8

2019-11-18T21:30:52+00:00 CRITICAL Uncaught Error: Call to undefined function kb_sections() in /var/www/html/wp-content/themes/museutheme/sidebar-categoria.php:8
Stack trace:
#0 /var/www/html/wp-includes/template.php(704): require_once()
#1 /var/www/html/wp-includes/template.php(653): load_template('/var/www/html/w...', true)
#2 /var/www/html/wp-includes/general-template.php(111): locate_template(Array, true)
#3 /var/www/html/wp-content/themes/museutheme/single-object.php(70): get_sidebar('categoria')
#4 /var/www/html/wp-includes/template-loader.php(77): include('/var/www/html/w...')
#5 /var/www/html/wp-blog-header.php(19): require_once('/var/www/html/w...')
#6 /var/www/html/index.php(17): require('/var/www/html/w...')
#7 {main}
  thrown in /var/www/html/wp-content/themes/museutheme/sidebar-categoria.php on line 8

2019-11-18T21:31:32+00:00 CRITICAL Uncaught Error: Call to undefined function kb_sections() in /var/www/html/wp-content/themes/museutheme/sidebar-categoria.php:8
Stack trace:
#0 /var/www/html/wp-includes/template.php(704): require_once()
#1 /var/www/html/wp-includes/template.php(653): load_template('/var/www/html/w...', true)
#2 /var/www/html/wp-includes/general-template.php(111): locate_template(Array, true)
#3 /var/www/html/wp-content/themes/museutheme/single-object.php(70): get_sidebar('categoria')
#4 /var/www/html/wp-includes/template-loader.php(77): include('/var/www/html/w...')
#5 /var/www/html/wp-blog-header.php(19): require_once('/var/www/html/w...')
#6 /var/www/html/index.php(17): require('/var/www/html/w...')
#7 {main}
  thrown in /var/www/html/wp-content/themes/museutheme/sidebar-categoria.php on line 8

2019-11-18T21:31:35+00:00 CRITICAL Uncaught Error: Call to undefined function kb_sections() in /var/www/html/wp-content/themes/museutheme/sidebar-categoria.php:8
Stack trace:
#0 /var/www/html/wp-includes/template.php(704): require_once()
#1 /var/www/html/wp-includes/template.php(653): load_template('/var/www/html/w...', true)
#2 /var/www/html/wp-includes/general-template.php(111): locate_template(Array, true)
#3 /var/www/html/wp-content/themes/museutheme/single-object.php(70): get_sidebar('categoria')
#4 /var/www/html/wp-includes/template-loader.php(77): include('/var/www/html/w...')
#5 /var/www/html/wp-blog-header.php(19): require_once('/var/www/html/w...')
#6 /var/www/html/index.php(17): require('/var/www/html/w...')
#7 {main}
  thrown in /var/www/html/wp-content/themes/museutheme/sidebar-categoria.php on line 8

2019-11-18T21:31:42+00:00 CRITICAL Uncaught Error: Call to undefined function get_field() in /var/www/html/wp-content/themes/museutheme/archive.php:38
Stack trace:
#0 /var/www/html/wp-includes/template-loader.php(77): include()
#1 /var/www/html/wp-blog-header.php(19): require_once('/var/www/html/w...')
#2 /var/www/html/index.php(17): require('/var/www/html/w...')
#3 {main}
  thrown in /var/www/html/wp-content/themes/museutheme/archive.php on line 38

