2019-12-10T20:29:27+00:00 CRITICAL Uncaught Error: Call to undefined function kb_sections() in /var/www/html/wp-content/themes/museutheme/sidebar-categoria.php:8
Stack trace:
#0 /var/www/html/wp-includes/template.php(704): require_once()
#1 /var/www/html/wp-includes/template.php(653): load_template('/var/www/html/w...', true)
#2 /var/www/html/wp-includes/general-template.php(111): locate_template(Array, true)
#3 /var/www/html/wp-content/themes/museutheme/single-object.php(70): get_sidebar('categoria')
#4 /var/www/html/wp-includes/template-loader.php(77): include('/var/www/html/w...')
#5 /var/www/html/wp-blog-header.php(19): require_once('/var/www/html/w...')
#6 /var/www/html/index.php(17): require('/var/www/html/w...')
#7 {main}
  thrown in /var/www/html/wp-content/themes/museutheme/sidebar-categoria.php on line 8

2019-12-10T20:29:31+00:00 CRITICAL Uncaught Error: Call to undefined function kb_sections() in /var/www/html/wp-content/themes/museutheme/sidebar-categoria.php:8
Stack trace:
#0 /var/www/html/wp-includes/template.php(704): require_once()
#1 /var/www/html/wp-includes/template.php(653): load_template('/var/www/html/w...', true)
#2 /var/www/html/wp-includes/general-template.php(111): locate_template(Array, true)
#3 /var/www/html/wp-content/themes/museutheme/single-object.php(70): get_sidebar('categoria')
#4 /var/www/html/wp-includes/template-loader.php(77): include('/var/www/html/w...')
#5 /var/www/html/wp-blog-header.php(19): require_once('/var/www/html/w...')
#6 /var/www/html/index.php(17): require('/var/www/html/w...')
#7 {main}
  thrown in /var/www/html/wp-content/themes/museutheme/sidebar-categoria.php on line 8

